Date d'éxécution : 10/05/2017 -> 00:00:02
Connexion à la base : OK
Code de renvoi HTTP pour Moutsamoudou : 200
Nom de l'ile : Anjouan
Code de renvoi HTTP pour Mamoudzou : 200
Nom de l'ile : Mayotte
Code de renvoi HTTP pour Moheli : 200
Nom de l'ile : Moheli
Code de renvoi HTTP pour Moroni : 200
Nom de l'ile : Moroni
Date d'éxécution : 10/05/2017 -> 03:00:02
Connexion à la base : OK
Code de renvoi HTTP pour Moutsamoudou : 200
Nom de l'ile : Anjouan
Code de renvoi HTTP pour Mamoudzou : 200
Nom de l'ile : Mayotte
Code de renvoi HTTP pour Moheli : 200
Nom de l'ile : Moheli
Code de renvoi HTTP pour Moroni : 200
Nom de l'ile : Moroni
Date d'éxécution : 10/05/2017 -> 06:00:01
Connexion à la base : OK
Code de renvoi HTTP pour Moutsamoudou : 200
Nom de l'ile : Anjouan
Code de renvoi HTTP pour Mamoudzou : 200
Nom de l'ile : Mayotte
Code de renvoi HTTP pour Moheli : 200
Nom de l'ile : Moheli
Code de renvoi HTTP pour Moroni : 200
Nom de l'ile : Moroni
Date d'éxécution : 10/05/2017 -> 09:00:01
Connexion à la base : OK
Code de renvoi HTTP pour Moutsamoudou : 200
Nom de l'ile : Anjouan
Code de renvoi HTTP pour Mamoudzou : 200
Nom de l'ile : Mayotte
Code de renvoi HTTP pour Moheli : 200
Nom de l'ile : Moheli
Code de renvoi HTTP pour Moroni : 200
Nom de l'ile : Moroni
Date d'éxécution : 10/05/2017 -> 12:00:01
Connexion à la base : OK
Code de renvoi HTTP pour Moutsamoudou : 200
Nom de l'ile : Anjouan
Code de renvoi HTTP pour Mamoudzou : 200
Nom de l'ile : Mayotte
Code de renvoi HTTP pour Moheli : 200
Nom de l'ile : Moheli
Code de renvoi HTTP pour Moroni : 200
Nom de l'ile : Moroni
Date d'éxécution : 10/05/2017 -> 15:05:02
Connexion à la base : OK
Code de renvoi HTTP pour Moutsamoudou : 200
Nom de l'ile : Anjouan
Code de renvoi HTTP pour Mamoudzou : 200
Nom de l'ile : Mayotte
Code de renvoi HTTP pour Moheli : 200
Nom de l'ile : Moheli
Code de renvoi HTTP pour Moroni : 200
Nom de l'ile : Moroni
Date d'éxécution : 10/05/2017 -> 18:00:01
Connexion à la base : OK
Code de renvoi HTTP pour Moutsamoudou : 200
Nom de l'ile : Anjouan
Code de renvoi HTTP pour Mamoudzou : 200
Nom de l'ile : Mayotte
Code de renvoi HTTP pour Moheli : 200
Nom de l'ile : Moheli
Code de renvoi HTTP pour Moroni : 200
Nom de l'ile : Moroni
